<?xml version="1.0" encoding="UTF-8"?>
<!-- Generated by org.testng.reporters.JUnitXMLReporter -->
<testsuite ignored="2" hostname="DESKTOP-4AO015I" failures="0" tests="2" name="LAB Test" time="76.403" errors="0" timestamp="2023-12-16T14:57:47 IST">
  <testcase classname="testcases.Practice" name="Logintest" time="14.505"/>
  <testcase classname="testcases.Practice" name="IPBill_Close" time="52.593"/>
  <testcase classname="base.BaseTest" name="@AfterTest tearDown" time="0.0">
    <ignored/>
  </testcase> <!-- @AfterTest tearDown -->
  <testcase classname="base.BaseTest" name="@BeforeTest setUp" time="0.0">
    <ignored/>
  </testcase> <!-- @BeforeTest setUp -->
</testsuite> <!-- LAB Test -->
