<?xml version="1.0" encoding="UTF-8"?>
<!-- Generated by org.testng.reporters.JUnitXMLReporter -->
<testsuite ignored="2" hostname="DESKTOP-4AO015I" failures="0" tests="2" name="Bill Test" time="60.399" errors="0" timestamp="2025-01-06T18:02:47 IST">
  <testcase classname="testcases.Billing_Range" name="Logintest" time="17.572"/>
  <testcase classname="testcases.Billing_Range" name="OPBill_OneMonthRange" time="40.425"/>
  <testcase classname="base.BaseTest" name="@AfterTest tearDown" time="0.0">
    <ignored/>
  </testcase> <!-- @AfterTest tearDown -->
  <testcase classname="base.BaseTest" name="@BeforeTest setUp" time="0.0">
    <ignored/>
  </testcase> <!-- @BeforeTest setUp -->
</testsuite> <!-- Bill Test -->
