<?xml version="1.0" encoding="UTF-8"?>
<!-- Generated by org.testng.reporters.JUnitXMLReporter -->
<testsuite ignored="2" hostname="DESKTOP-4AO015I" failures="0" tests="2" name="Bill Test" time="87.163" errors="0" timestamp="2024-11-08T16:22:42 IST">
  <testcase classname="testcases.Pharmacy" name="Logintest" time="13.516"/>
  <testcase classname="testcases.Pharmacy" name="OP_Pharmacy" time="65.258"/>
  <testcase classname="base.BaseTest" name="@AfterTest tearDown" time="0.0">
    <ignored/>
  </testcase> <!-- @AfterTest tearDown -->
  <testcase classname="base.BaseTest" name="@BeforeTest setUp" time="0.0">
    <ignored/>
  </testcase> <!-- @BeforeTest setUp -->
</testsuite> <!-- Bill Test -->
