<?xml version="1.0" encoding="UTF-8"?>
<testng-results ignored="0" total="0" passed="0" failed="0" skipped="0">
  <reporter-output>
  </reporter-output>
  <suite started-at="2024-06-19T22:03:34 IST" name="base.BaseTest" finished-at="2024-06-19T22:03:48 IST" duration-ms="13938">
    <groups>
    </groups>
    <test started-at="2024-06-19T22:03:34 IST" name="Command line test" finished-at="2024-06-19T22:03:48 IST" duration-ms="13938">
      <class name="base.BaseTest">
        <test-method is-config="true" signature="setUp()[pri:0, instance:base.BaseTest@7671cb68]" started-at="2024-06-19T22:03:34 IST" name="setUp" finished-at="2024-06-19T22:03:48 IST" duration-ms="13902" status="PASS">
          <reporter-output>
          </reporter-output>
        </test-method> <!-- setUp -->
        <test-method is-config="true" signature="tearDown()[pri:0, instance:base.BaseTest@7671cb68]" started-at="2024-06-19T22:03:48 IST" name="tearDown" finished-at="2024-06-19T22:03:48 IST" duration-ms="1" status="PASS">
          <reporter-output>
          </reporter-output>
        </test-method> <!-- tearDown -->
      </class> <!-- base.BaseTest -->
    </test> <!-- Command line test -->
  </suite> <!-- base.BaseTest -->
</testng-results>
