<?xml version="1.0" encoding="UTF-8"?>
<testng-results ignored="2" total="4" passed="2" failed="0" skipped="0">
  <reporter-output>
  </reporter-output>
  <suite started-at="2024-11-08T16:21:15 IST" name="Billing Test Suite" finished-at="2024-11-08T16:22:42 IST" duration-ms="87163">
    <groups>
    </groups>
    <test started-at="2024-11-08T16:21:15 IST" name="Bill Test" finished-at="2024-11-08T16:22:42 IST" duration-ms="87163">
      <class name="testcases.Pharmacy">
        <test-method signature="Logintest()[pri:0, instance:testcases.Pharmacy@3576ddc2]" started-at="2024-11-08T16:21:23 IST" name="Logintest" finished-at="2024-11-08T16:21:37 IST" duration-ms="13516" status="PASS">
          <reporter-output>
          </reporter-output>
        </test-method> <!-- Logintest -->
        <test-method signature="OP_Pharmacy()[pri:1, instance:testcases.Pharmacy@3576ddc2]" started-at="2024-11-08T16:21:37 IST" name="OP_Pharmacy" finished-at="2024-11-08T16:22:42 IST" duration-ms="65258" status="PASS">
          <reporter-output>
          </reporter-output>
        </test-method> <!-- OP_Pharmacy -->
      </class> <!-- testcases.Pharmacy -->
      <class name="base.BaseTest">
        <test-method is-config="true" signature="setUp()[pri:0, instance:base.BaseTest@9cb8225]" started-at="2024-11-08T16:21:15 IST" name="setUp" finished-at="2024-11-08T16:21:23 IST" duration-ms="8325" status="PASS">
          <reporter-output>
          </reporter-output>
        </test-method> <!-- setUp -->
        <test-method is-config="true" signature="tearDown()[pri:0, instance:base.BaseTest@9cb8225]" started-at="2024-11-08T16:22:42 IST" name="tearDown" finished-at="2024-11-08T16:22:42 IST" duration-ms="0" status="PASS">
          <reporter-output>
          </reporter-output>
        </test-method> <!-- tearDown -->
      </class> <!-- base.BaseTest -->
    </test> <!-- Bill Test -->
  </suite> <!-- Billing Test Suite -->
</testng-results>
