<?xml version="1.0" encoding="UTF-8"?>
<testng-results ignored="2" total="4" passed="2" failed="0" skipped="0">
  <reporter-output>
  </reporter-output>
  <suite started-at="2025-01-06T18:01:46 IST" name="Billing Test Suite" finished-at="2025-01-06T18:02:47 IST" duration-ms="60399">
    <groups>
    </groups>
    <test started-at="2025-01-06T18:01:46 IST" name="Bill Test" finished-at="2025-01-06T18:02:47 IST" duration-ms="60399">
      <class name="base.BaseTest">
        <test-method is-config="true" signature="setUp()[pri:0, instance:base.BaseTest@4149c063]" started-at="2025-01-06T18:01:46 IST" name="setUp" finished-at="2025-01-06T18:01:49 IST" duration-ms="2338" status="PASS">
          <reporter-output>
          </reporter-output>
        </test-method> <!-- setUp -->
        <test-method is-config="true" signature="tearDown()[pri:0, instance:base.BaseTest@4149c063]" started-at="2025-01-06T18:02:47 IST" name="tearDown" finished-at="2025-01-06T18:02:47 IST" duration-ms="0" status="PASS">
          <reporter-output>
          </reporter-output>
        </test-method> <!-- tearDown -->
      </class> <!-- base.BaseTest -->
      <class name="testcases.Billing_Range">
        <test-method signature="Logintest()[pri:0, instance:testcases.Billing_Range@264f218]" started-at="2025-01-06T18:01:49 IST" name="Logintest" finished-at="2025-01-06T18:02:06 IST" duration-ms="17572" status="PASS">
          <reporter-output>
          </reporter-output>
        </test-method> <!-- Logintest -->
        <test-method signature="OPBill_OneMonthRange()[pri:1, instance:testcases.Billing_Range@264f218]" started-at="2025-01-06T18:02:06 IST" name="OPBill_OneMonthRange" finished-at="2025-01-06T18:02:47 IST" duration-ms="40425" status="PASS">
          <reporter-output>
          </reporter-output>
        </test-method> <!-- OPBill_OneMonthRange -->
      </class> <!-- testcases.Billing_Range -->
    </test> <!-- Bill Test -->
  </suite> <!-- Billing Test Suite -->
</testng-results>
